# JRE version: OpenJDK Runtime Environment (8.0_152-b06) (build 1.8.0_152-release-1136-b06)
# Java VM: OpenJDK 64-Bit Server VM (25.152-b06 mixed mode windows-amd64 compressed oops)
Heap:
 PSYoungGen      total 94208K, used 62872K [0x00000000eab00000, 0x00000000f2400000, 0x0000000100000000)
  eden space 80896K, 72% used [0x00000000eab00000,0x00000000ee42a610,0x00000000efa00000)
  from space 13312K, 32% used [0x00000000f1700000,0x00000000f1b3ba10,0x00000000f2400000)
  to   space 21504K, 0% used [0x00000000efa00000,0x00000000efa00000,0x00000000f0f00000)
 ParOldGen       total 169472K, used 38024K [0x00000000c0000000, 0x00000000ca580000, 0x00000000eab00000)
  object space 169472K, 22% used [0x00000000c0000000,0x00000000c25220c0,0x00000000ca580000)
 Metaspace       used 60129K, capacity 62150K, committed 62424K, reserved 1103872K
  class space    used 8080K, capacity 8616K, committed 8704K, reserved 1048576K
GC Heap History (10 events):
Event: 62.649 GC heap before
{Heap before GC invocations=15 (full 2):
 PSYoungGen      total 69632K, used 69059K [0x00000000eab00000, 0x00000000efd80000, 0x0000000100000000)
  eden space 59392K, 100% used [0x00000000eab00000,0x00000000ee500000,0x00000000ee500000)
  from space 10240K, 94% used [0x00000000ef000000,0x00000000ef970ee0,0x00000000efa00000)
  to   space 11264K, 0% used [0x00000000ee500000,0x00000000ee500000,0x00000000ef000000)
 ParOldGen       total 108032K, used 15710K [0x00000000c0000000, 0x00000000c6980000, 0x00000000eab00000)
  object space 108032K, 14% used [0x00000000c0000000,0x00000000c0f57810,0x00000000c6980000)
 Metaspace       used 46965K, capacity 47956K, committed 48088K, reserved 1091584K
  class space    used 6336K, capacity 6641K, committed 6656K, reserved 1048576K
Event: 62.677 GC heap after
Heap after GC invocations=15 (full 2):
 PSYoungGen      total 70656K, used 11248K [0x00000000eab00000, 0x00000000f0b80000, 0x0000000100000000)
  eden space 59392K, 0% used [0x00000000eab00000,0x00000000eab00000,0x00000000ee500000)
  from space 11264K, 99% used [0x00000000ee500000,0x00000000eeffc280,0x00000000ef000000)
  to   space 13312K, 0% used [0x00000000efe80000,0x00000000efe80000,0x00000000f0b80000)
 ParOldGen       total 108032K, used 18126K [0x00000000c0000000, 0x00000000c6980000, 0x00000000eab00000)
  object space 108032K, 16% used [0x00000000c0000000,0x00000000c11b3938,0x00000000c6980000)
 Metaspace       used 46965K, capacity 47956K, committed 48088K, reserved 1091584K
  class space    used 6336K, capacity 6641K, committed 6656K, reserved 1048576K
}
Event: 67.266 GC heap before
{Heap before GC invocations=16 (full 2):
 PSYoungGen      total 70656K, used 70640K [0x00000000eab00000, 0x00000000f0b80000, 0x0000000100000000)
  eden space 59392K, 100% used [0x00000000eab00000,0x00000000ee500000,0x00000000ee500000)
  from space 11264K, 99% used [0x00000000ee500000,0x00000000eeffc280,0x00000000ef000000)
  to   space 13312K, 0% used [0x00000000efe80000,0x00000000efe80000,0x00000000f0b80000)
 ParOldGen       total 108032K, used 18126K [0x00000000c0000000, 0x00000000c6980000, 0x00000000eab00000)
  object space 108032K, 16% used [0x00000000c0000000,0x00000000c11b3938,0x00000000c6980000)
 Metaspace       used 54435K, capacity 55886K, committed 56152K, reserved 1097728K
  class space    used 7321K, capacity 7682K, committed 7808K, reserved 1048576K
Event: 67.312 GC heap after
Heap after GC invocations=16 (full 2):
 PSYoungGen      total 82432K, used 13294K [0x00000000eab00000, 0x00000000f1380000, 0x0000000100000000)
  eden space 69120K, 0% used [0x00000000eab00000,0x00000000eab00000,0x00000000eee80000)
  from space 13312K, 99% used [0x00000000efe80000,0x00000000f0b7ba40,0x00000000f0b80000)
  to   space 16384K, 0% used [0x00000000eee80000,0x00000000eee80000,0x00000000efe80000)
 ParOldGen       total 108032K, used 21749K [0x00000000c0000000, 0x00000000c6980000, 0x00000000eab00000)
  object space 108032K, 20% used [0x00000000c0000000,0x00000000c153d4c0,0x00000000c6980000)
 Metaspace       used 54435K, capacity 55886K, committed 56152K, reserved 1097728K
  class space    used 7321K, capacity 7682K, committed 7808K, reserved 1048576K
}
Event: 71.879 GC heap before
{Heap before GC invocations=17 (full 2):
 PSYoungGen      total 82432K, used 78507K [0x00000000eab00000, 0x00000000f1380000, 0x0000000100000000)
  eden space 69120K, 94% used [0x00000000eab00000,0x00000000eeaaf3a0,0x00000000eee80000)
  from space 13312K, 99% used [0x00000000efe80000,0x00000000f0b7ba40,0x00000000f0b80000)
  to   space 16384K, 0% used [0x00000000eee80000,0x00000000eee80000,0x00000000efe80000)
 ParOldGen       total 108032K, used 21749K [0x00000000c0000000, 0x00000000c6980000, 0x00000000eab00000)
  object space 108032K, 20% used [0x00000000c0000000,0x00000000c153d4c0,0x00000000c6980000)
 Metaspace       used 57061K, capacity 58944K, committed 59028K, reserved 1099776K
  class space    used 7674K, capacity 8165K, committed 8192K, reserved 1048576K
Event: 71.950 GC heap after
Heap after GC invocations=17 (full 2):
 PSYoungGen      total 85504K, used 16358K [0x00000000eab00000, 0x00000000f2c00000, 0x0000000100000000)
  eden space 69120K, 0% used [0x00000000eab00000,0x00000000eab00000,0x00000000eee80000)
  from space 16384K, 99% used [0x00000000eee80000,0x00000000efe79a00,0x00000000efe80000)
  to   space 21504K, 0% used [0x00000000f1700000,0x00000000f1700000,0x00000000f2c00000)
 ParOldGen       total 108032K, used 29550K [0x00000000c0000000, 0x00000000c6980000, 0x00000000eab00000)
  object space 108032K, 27% used [0x00000000c0000000,0x00000000c1cdb9e0,0x00000000c6980000)
 Metaspace       used 57061K, capacity 58944K, committed 59028K, reserved 1099776K
  class space    used 7674K, capacity 8165K, committed 8192K, reserved 1048576K
}
Event: 71.950 GC heap before
{Heap before GC invocations=18 (full 3):
 PSYoungGen      total 85504K, used 16358K [0x00000000eab00000, 0x00000000f2c00000, 0x0000000100000000)
  eden space 69120K, 0% used [0x00000000eab00000,0x00000000eab00000,0x00000000eee80000)
  from space 16384K, 99% used [0x00000000eee80000,0x00000000efe79a00,0x00000000efe80000)
  to   space 21504K, 0% used [0x00000000f1700000,0x00000000f1700000,0x00000000f2c00000)
 ParOldGen       total 108032K, used 29550K [0x00000000c0000000, 0x00000000c6980000, 0x00000000eab00000)
  object space 108032K, 27% used [0x00000000c0000000,0x00000000c1cdb9e0,0x00000000c6980000)
 Metaspace       used 57061K, capacity 58944K, committed 59028K, reserved 1099776K
  class space    used 7674K, capacity 8165K, committed 8192K, reserved 1048576K
Event: 72.885 GC heap after
Heap after GC invocations=18 (full 3):
 PSYoungGen      total 85504K, used 0K [0x00000000eab00000, 0x00000000f2c00000, 0x0000000100000000)
  eden space 69120K, 0% used [0x00000000eab00000,0x00000000eab00000,0x00000000eee80000)
  from space 16384K, 0% used [0x00000000eee80000,0x00000000eee80000,0x00000000efe80000)
  to   space 21504K, 0% used [0x00000000f1700000,0x00000000f1700000,0x00000000f2c00000)
 ParOldGen       total 169472K, used 38016K [0x00000000c0000000, 0x00000000ca580000, 0x00000000eab00000)
  object space 169472K, 22% used [0x00000000c0000000,0x00000000c25200c0,0x00000000ca580000)
 Metaspace       used 57061K, capacity 58944K, committed 59028K, reserved 1099776K
  class space    used 7674K, capacity 8165K, committed 8192K, reserved 1048576K
}
Event: 86.552 GC heap before
{Heap before GC invocations=19 (full 3):
 PSYoungGen      total 85504K, used 69120K [0x00000000eab00000, 0x00000000f2c00000, 0x0000000100000000)
  eden space 69120K, 100% used [0x00000000eab00000,0x00000000eee80000,0x00000000eee80000)
  from space 16384K, 0% used [0x00000000eee80000,0x00000000eee80000,0x00000000efe80000)
  to   space 21504K, 0% used [0x00000000f1700000,0x00000000f1700000,0x00000000f2c00000)
 ParOldGen       total 169472K, used 38016K [0x00000000c0000000, 0x00000000ca580000, 0x00000000eab00000)
  object space 169472K, 22% used [0x00000000c0000000,0x00000000c25200c0,0x00000000ca580000)
 Metaspace       used 60127K, capacity 62150K, committed 62424K, reserved 1103872K
  class space    used 8080K, capacity 8616K, committed 8704K, reserved 1048576K
Event: 86.571 GC heap after
Heap after GC invocations=19 (full 3):
 PSYoungGen      total 94208K, used 4334K [0x00000000eab00000, 0x00000000f2400000, 0x0000000100000000)
  eden space 80896K, 0% used [0x00000000eab00000,0x00000000eab00000,0x00000000efa00000)
  from space 13312K, 32% used [0x00000000f1700000,0x00000000f1b3ba10,0x00000000f2400000)
  to   space 21504K, 0% used [0x00000000efa00000,0x00000000efa00000,0x00000000f0f00000)
 ParOldGen       total 169472K, used 38024K [0x00000000c0000000, 0x00000000ca580000, 0x00000000eab00000)
  object space 169472K, 22% used [0x00000000c0000000,0x00000000c25220c0,0x00000000ca580000)
 Metaspace       used 60127K, capacity 62150K, committed 62424K, reserved 1103872K
  class space    used 8080K, capacity 8616K, committed 8704K, reserved 1048576K
}

