# JRE version: OpenJDK Runtime Environment (8.0_152-b06) (build 1.8.0_152-release-1136-b06)
# Java VM: OpenJDK 64-Bit Server VM (25.152-b06 mixed mode windows-amd64 compressed oops)
Heap:
 PSYoungGen      total 190464K, used 44349K [0x00000000eab00000, 0x00000000fa380000, 0x0000000100000000)
  eden space 142336K, 1% used [0x00000000eab00000,0x00000000eac82d80,0x00000000f3600000)
  from space 48128K, 88% used [0x00000000f6a80000,0x00000000f944c988,0x00000000f9980000)
  to   space 53760K, 0% used [0x00000000f3600000,0x00000000f3600000,0x00000000f6a80000)
 ParOldGen       total 154112K, used 61658K [0x00000000c0000000, 0x00000000c9680000, 0x00000000eab00000)
  object space 154112K, 40% used [0x00000000c0000000,0x00000000c3c36a78,0x00000000c9680000)
 Metaspace       used 75613K, capacity 78564K, committed 78848K, reserved 1118208K
  class space    used 9707K, capacity 10420K, committed 10496K, reserved 1048576K
GC Heap History (10 events):
Event: 111.272 GC heap before
{Heap before GC invocations=19 (full 3):
 PSYoungGen      total 143360K, used 141239K [0x00000000eab00000, 0x00000000f6400000, 0x0000000100000000)
  eden space 118784K, 100% used [0x00000000eab00000,0x00000000f1f00000,0x00000000f1f00000)
  from space 24576K, 91% used [0x00000000f1f00000,0x00000000f34edf18,0x00000000f3700000)
  to   space 27648K, 0% used [0x00000000f4900000,0x00000000f4900000,0x00000000f6400000)
 ParOldGen       total 154112K, used 41620K [0x00000000c0000000, 0x00000000c9680000, 0x00000000eab00000)
  object space 154112K, 27% used [0x00000000c0000000,0x00000000c28a53b8,0x00000000c9680000)
 Metaspace       used 66849K, capacity 69122K, committed 69248K, reserved 1110016K
  class space    used 8916K, capacity 9535K, committed 9600K, reserved 1048576K
Event: 111.404 GC heap after
Heap after GC invocations=19 (full 3):
 PSYoungGen      total 150528K, used 27635K [0x00000000eab00000, 0x00000000f7c80000, 0x0000000100000000)
  eden space 122880K, 0% used [0x00000000eab00000,0x00000000eab00000,0x00000000f2300000)
  from space 27648K, 99% used [0x00000000f4900000,0x00000000f63fcd48,0x00000000f6400000)
  to   space 38912K, 0% used [0x00000000f2300000,0x00000000f2300000,0x00000000f4900000)
 ParOldGen       total 154112K, used 61626K [0x00000000c0000000, 0x00000000c9680000, 0x00000000eab00000)
  object space 154112K, 39% used [0x00000000c0000000,0x00000000c3c2ea78,0x00000000c9680000)
 Metaspace       used 66849K, capacity 69122K, committed 69248K, reserved 1110016K
  class space    used 8916K, capacity 9535K, committed 9600K, reserved 1048576K
}
Event: 114.139 GC heap before
{Heap before GC invocations=20 (full 3):
 PSYoungGen      total 150528K, used 150515K [0x00000000eab00000, 0x00000000f7c80000, 0x0000000100000000)
  eden space 122880K, 100% used [0x00000000eab00000,0x00000000f2300000,0x00000000f2300000)
  from space 27648K, 99% used [0x00000000f4900000,0x00000000f63fcd48,0x00000000f6400000)
  to   space 38912K, 0% used [0x00000000f2300000,0x00000000f2300000,0x00000000f4900000)
 ParOldGen       total 154112K, used 61626K [0x00000000c0000000, 0x00000000c9680000, 0x00000000eab00000)
  object space 154112K, 39% used [0x00000000c0000000,0x00000000c3c2ea78,0x00000000c9680000)
 Metaspace       used 67087K, capacity 69368K, committed 69504K, reserved 1110016K
  class space    used 8948K, capacity 9572K, committed 9600K, reserved 1048576K
Event: 114.217 GC heap after
Heap after GC invocations=20 (full 3):
 PSYoungGen      total 161792K, used 27029K [0x00000000eab00000, 0x00000000f8200000, 0x0000000100000000)
  eden space 122880K, 0% used [0x00000000eab00000,0x00000000eab00000,0x00000000f2300000)
  from space 38912K, 69% used [0x00000000f2300000,0x00000000f3d65670,0x00000000f4900000)
  to   space 40960K, 0% used [0x00000000f5a00000,0x00000000f5a00000,0x00000000f8200000)
 ParOldGen       total 154112K, used 61634K [0x00000000c0000000, 0x00000000c9680000, 0x00000000eab00000)
  object space 154112K, 39% used [0x00000000c0000000,0x00000000c3c30a78,0x00000000c9680000)
 Metaspace       used 67087K, capacity 69368K, committed 69504K, reserved 1110016K
  class space    used 8948K, capacity 9572K, committed 9600K, reserved 1048576K
}
Event: 168.791 GC heap before
{Heap before GC invocations=21 (full 3):
 PSYoungGen      total 161792K, used 149909K [0x00000000eab00000, 0x00000000f8200000, 0x0000000100000000)
  eden space 122880K, 100% used [0x00000000eab00000,0x00000000f2300000,0x00000000f2300000)
  from space 38912K, 69% used [0x00000000f2300000,0x00000000f3d65670,0x00000000f4900000)
  to   space 40960K, 0% used [0x00000000f5a00000,0x00000000f5a00000,0x00000000f8200000)
 ParOldGen       total 154112K, used 61634K [0x00000000c0000000, 0x00000000c9680000, 0x00000000eab00000)
  object space 154112K, 39% used [0x00000000c0000000,0x00000000c3c30a78,0x00000000c9680000)
 Metaspace       used 68706K, capacity 71336K, committed 71424K, reserved 1112064K
  class space    used 9036K, capacity 9708K, committed 9728K, reserved 1048576K
Event: 168.869 GC heap after
Heap after GC invocations=21 (full 3):
 PSYoungGen      total 176640K, used 27904K [0x00000000eab00000, 0x00000000f8280000, 0x0000000100000000)
  eden space 135680K, 0% used [0x00000000eab00000,0x00000000eab00000,0x00000000f2f80000)
  from space 40960K, 68% used [0x00000000f5a00000,0x00000000f7540290,0x00000000f8200000)
  to   space 42496K, 0% used [0x00000000f2f80000,0x00000000f2f80000,0x00000000f5900000)
 ParOldGen       total 154112K, used 61642K [0x00000000c0000000, 0x00000000c9680000, 0x00000000eab00000)
  object space 154112K, 39% used [0x00000000c0000000,0x00000000c3c32a78,0x00000000c9680000)
 Metaspace       used 68706K, capacity 71336K, committed 71424K, reserved 1112064K
  class space    used 9036K, capacity 9708K, committed 9728K, reserved 1048576K
}
Event: 211.947 GC heap before
{Heap before GC invocations=22 (full 3):
 PSYoungGen      total 176640K, used 163584K [0x00000000eab00000, 0x00000000f8280000, 0x0000000100000000)
  eden space 135680K, 100% used [0x00000000eab00000,0x00000000f2f80000,0x00000000f2f80000)
  from space 40960K, 68% used [0x00000000f5a00000,0x00000000f7540290,0x00000000f8200000)
  to   space 42496K, 0% used [0x00000000f2f80000,0x00000000f2f80000,0x00000000f5900000)
 ParOldGen       total 154112K, used 61642K [0x00000000c0000000, 0x00000000c9680000, 0x00000000eab00000)
  object space 154112K, 39% used [0x00000000c0000000,0x00000000c3c32a78,0x00000000c9680000)
 Metaspace       used 75187K, capacity 78174K, committed 78336K, reserved 1118208K
  class space    used 9706K, capacity 10419K, committed 10496K, reserved 1048576K
Event: 212.043 GC heap after
Heap after GC invocations=22 (full 3):
 PSYoungGen      total 178176K, used 40439K [0x00000000eab00000, 0x00000000f9980000, 0x0000000100000000)
  eden space 135680K, 0% used [0x00000000eab00000,0x00000000eab00000,0x00000000f2f80000)
  from space 42496K, 95% used [0x00000000f2f80000,0x00000000f56fdc28,0x00000000f5900000)
  to   space 48128K, 0% used [0x00000000f6a80000,0x00000000f6a80000,0x00000000f9980000)
 ParOldGen       total 154112K, used 61650K [0x00000000c0000000, 0x00000000c9680000, 0x00000000eab00000)
  object space 154112K, 40% used [0x00000000c0000000,0x00000000c3c34a78,0x00000000c9680000)
 Metaspace       used 75187K, capacity 78174K, committed 78336K, reserved 1118208K
  class space    used 9706K, capacity 10419K, committed 10496K, reserved 1048576K
}
Event: 230.436 GC heap before
{Heap before GC invocations=23 (full 3):
 PSYoungGen      total 178176K, used 176119K [0x00000000eab00000, 0x00000000f9980000, 0x0000000100000000)
  eden space 135680K, 100% used [0x00000000eab00000,0x00000000f2f80000,0x00000000f2f80000)
  from space 42496K, 95% used [0x00000000f2f80000,0x00000000f56fdc28,0x00000000f5900000)
  to   space 48128K, 0% used [0x00000000f6a80000,0x00000000f6a80000,0x00000000f9980000)
 ParOldGen       total 154112K, used 61650K [0x00000000c0000000, 0x00000000c9680000, 0x00000000eab00000)
  object space 154112K, 40% used [0x00000000c0000000,0x00000000c3c34a78,0x00000000c9680000)
 Metaspace       used 75607K, capacity 78564K, committed 78848K, reserved 1118208K
  class space    used 9707K, capacity 10420K, committed 10496K, reserved 1048576K
Event: 230.549 GC heap after
Heap after GC invocations=23 (full 3):
 PSYoungGen      total 190464K, used 42802K [0x00000000eab00000, 0x00000000fa380000, 0x0000000100000000)
  eden space 142336K, 0% used [0x00000000eab00000,0x00000000eab00000,0x00000000f3600000)
  from space 48128K, 88% used [0x00000000f6a80000,0x00000000f944c988,0x00000000f9980000)
  to   space 53760K, 0% used [0x00000000f3600000,0x00000000f3600000,0x00000000f6a80000)
 ParOldGen       total 154112K, used 61658K [0x00000000c0000000, 0x00000000c9680000, 0x00000000eab00000)
  object space 154112K, 40% used [0x00000000c0000000,0x00000000c3c36a78,0x00000000c9680000)
 Metaspace       used 75607K, capacity 78564K, committed 78848K, reserved 1118208K
  class space    used 9707K, capacity 10420K, committed 10496K, reserved 1048576K
}

