# JRE version: OpenJDK Runtime Environment (8.0_152-b06) (build 1.8.0_152-release-1136-b06)
# Java VM: OpenJDK 64-Bit Server VM (25.152-b06 mixed mode windows-amd64 compressed oops)
Heap:
 PSYoungGen      total 95744K, used 59881K [0x00000000eab00000, 0x00000000f1900000, 0x0000000100000000)
  eden space 88064K, 59% used [0x00000000eab00000,0x00000000ede4d728,0x00000000f0100000)
  from space 7680K, 95% used [0x00000000f1180000,0x00000000f18acdd0,0x00000000f1900000)
  to   space 11264K, 0% used [0x00000000f0300000,0x00000000f0300000,0x00000000f0e00000)
 ParOldGen       total 97792K, used 15770K [0x00000000c0000000, 0x00000000c5f80000, 0x00000000eab00000)
  object space 97792K, 16% used [0x00000000c0000000,0x00000000c0f669a8,0x00000000c5f80000)
 Metaspace       used 42267K, capacity 43100K, committed 43392K, reserved 1087488K
  class space    used 5729K, capacity 5981K, committed 6016K, reserved 1048576K
GC Heap History (10 events):
Event: 13.227 GC heap before
{Heap before GC invocations=8 (full 1):
 PSYoungGen      total 53248K, used 52799K [0x00000000eab00000, 0x00000000ef900000, 0x0000000100000000)
  eden space 49152K, 100% used [0x00000000eab00000,0x00000000edb00000,0x00000000edb00000)
  from space 4096K, 89% used [0x00000000ef500000,0x00000000ef88fca0,0x00000000ef900000)
  to   space 10240K, 0% used [0x00000000ee500000,0x00000000ee500000,0x00000000eef00000)
 ParOldGen       total 61440K, used 8421K [0x00000000c0000000, 0x00000000c3c00000, 0x00000000eab00000)
  object space 61440K, 13% used [0x00000000c0000000,0x00000000c08396d0,0x00000000c3c00000)
 Metaspace       used 27342K, capacity 27732K, committed 28032K, reserved 1073152K
  class space    used 3803K, capacity 3941K, committed 3968K, reserved 1048576K
Event: 13.245 GC heap after
Heap after GC invocations=8 (full 1):
 PSYoungGen      total 69632K, used 5982K [0x00000000eab00000, 0x00000000f0500000, 0x0000000100000000)
  eden space 59392K, 0% used [0x00000000eab00000,0x00000000eab00000,0x00000000ee500000)
  from space 10240K, 58% used [0x00000000ee500000,0x00000000eead79c8,0x00000000eef00000)
  to   space 9728K, 0% used [0x00000000efb80000,0x00000000efb80000,0x00000000f0500000)
 ParOldGen       total 61440K, used 8421K [0x00000000c0000000, 0x00000000c3c00000, 0x00000000eab00000)
  object space 61440K, 13% used [0x00000000c0000000,0x00000000c08396d0,0x00000000c3c00000)
 Metaspace       used 27342K, capacity 27732K, committed 28032K, reserved 1073152K
  class space    used 3803K, capacity 3941K, committed 3968K, reserved 1048576K
}
Event: 16.599 GC heap before
{Heap before GC invocations=9 (full 1):
 PSYoungGen      total 69632K, used 65374K [0x00000000eab00000, 0x00000000f0500000, 0x0000000100000000)
  eden space 59392K, 100% used [0x00000000eab00000,0x00000000ee500000,0x00000000ee500000)
  from space 10240K, 58% used [0x00000000ee500000,0x00000000eead79c8,0x00000000eef00000)
  to   space 9728K, 0% used [0x00000000efb80000,0x00000000efb80000,0x00000000f0500000)
 ParOldGen       total 61440K, used 8421K [0x00000000c0000000, 0x00000000c3c00000, 0x00000000eab00000)
  object space 61440K, 13% used [0x00000000c0000000,0x00000000c08396d0,0x00000000c3c00000)
 Metaspace       used 30210K, capacity 30814K, committed 31104K, reserved 1075200K
  class space    used 4242K, capacity 4413K, committed 4480K, reserved 1048576K
Event: 16.619 GC heap after
Heap after GC invocations=9 (full 1):
 PSYoungGen      total 81408K, used 8835K [0x00000000eab00000, 0x00000000f1380000, 0x0000000100000000)
  eden space 71680K, 0% used [0x00000000eab00000,0x00000000eab00000,0x00000000ef100000)
  from space 9728K, 90% used [0x00000000efb80000,0x00000000f0420ce8,0x00000000f0500000)
  to   space 10752K, 0% used [0x00000000ef100000,0x00000000ef100000,0x00000000efb80000)
 ParOldGen       total 61440K, used 8429K [0x00000000c0000000, 0x00000000c3c00000, 0x00000000eab00000)
  object space 61440K, 13% used [0x00000000c0000000,0x00000000c083b6d0,0x00000000c3c00000)
 Metaspace       used 30210K, capacity 30814K, committed 31104K, reserved 1075200K
  class space    used 4242K, capacity 4413K, committed 4480K, reserved 1048576K
}
Event: 17.615 GC heap before
{Heap before GC invocations=10 (full 1):
 PSYoungGen      total 81408K, used 29947K [0x00000000eab00000, 0x00000000f1380000, 0x0000000100000000)
  eden space 71680K, 29% used [0x00000000eab00000,0x00000000ebf9e010,0x00000000ef100000)
  from space 9728K, 90% used [0x00000000efb80000,0x00000000f0420ce8,0x00000000f0500000)
  to   space 10752K, 0% used [0x00000000ef100000,0x00000000ef100000,0x00000000efb80000)
 ParOldGen       total 61440K, used 8429K [0x00000000c0000000, 0x00000000c3c00000, 0x00000000eab00000)
  object space 61440K, 13% used [0x00000000c0000000,0x00000000c083b6d0,0x00000000c3c00000)
 Metaspace       used 34590K, capacity 35210K, committed 35416K, reserved 1079296K
  class space    used 4781K, capacity 5009K, committed 5120K, reserved 1048576K
Event: 17.637 GC heap after
Heap after GC invocations=10 (full 1):
 PSYoungGen      total 82432K, used 9072K [0x00000000eab00000, 0x00000000f1c80000, 0x0000000100000000)
  eden space 71680K, 0% used [0x00000000eab00000,0x00000000eab00000,0x00000000ef100000)
  from space 10752K, 84% used [0x00000000ef100000,0x00000000ef9dc130,0x00000000efb80000)
  to   space 11264K, 0% used [0x00000000f1180000,0x00000000f1180000,0x00000000f1c80000)
 ParOldGen       total 61440K, used 8437K [0x00000000c0000000, 0x00000000c3c00000, 0x00000000eab00000)
  object space 61440K, 13% used [0x00000000c0000000,0x00000000c083d6d0,0x00000000c3c00000)
 Metaspace       used 34590K, capacity 35210K, committed 35416K, reserved 1079296K
  class space    used 4781K, capacity 5009K, committed 5120K, reserved 1048576K
}
Event: 17.638 GC heap before
{Heap before GC invocations=11 (full 2):
 PSYoungGen      total 82432K, used 9072K [0x00000000eab00000, 0x00000000f1c80000, 0x0000000100000000)
  eden space 71680K, 0% used [0x00000000eab00000,0x00000000eab00000,0x00000000ef100000)
  from space 10752K, 84% used [0x00000000ef100000,0x00000000ef9dc130,0x00000000efb80000)
  to   space 11264K, 0% used [0x00000000f1180000,0x00000000f1180000,0x00000000f1c80000)
 ParOldGen       total 61440K, used 8437K [0x00000000c0000000, 0x00000000c3c00000, 0x00000000eab00000)
  object space 61440K, 13% used [0x00000000c0000000,0x00000000c083d6d0,0x00000000c3c00000)
 Metaspace       used 34590K, capacity 35210K, committed 35416K, reserved 1079296K
  class space    used 4781K, capacity 5009K, committed 5120K, reserved 1048576K
Event: 17.853 GC heap after
Heap after GC invocations=11 (full 2):
 PSYoungGen      total 82432K, used 0K [0x00000000eab00000, 0x00000000f1c80000, 0x0000000100000000)
  eden space 71680K, 0% used [0x00000000eab00000,0x00000000eab00000,0x00000000ef100000)
  from space 10752K, 0% used [0x00000000ef100000,0x00000000ef100000,0x00000000efb80000)
  to   space 11264K, 0% used [0x00000000f1180000,0x00000000f1180000,0x00000000f1c80000)
 ParOldGen       total 97792K, used 15762K [0x00000000c0000000, 0x00000000c5f80000, 0x00000000eab00000)
  object space 97792K, 16% used [0x00000000c0000000,0x00000000c0f649a8,0x00000000c5f80000)
 Metaspace       used 34590K, capacity 35210K, committed 35416K, reserved 1079296K
  class space    used 4781K, capacity 5009K, committed 5120K, reserved 1048576K
}
Event: 20.458 GC heap before
{Heap before GC invocations=12 (full 2):
 PSYoungGen      total 82432K, used 71680K [0x00000000eab00000, 0x00000000f1c80000, 0x0000000100000000)
  eden space 71680K, 100% used [0x00000000eab00000,0x00000000ef100000,0x00000000ef100000)
  from space 10752K, 0% used [0x00000000ef100000,0x00000000ef100000,0x00000000efb80000)
  to   space 11264K, 0% used [0x00000000f1180000,0x00000000f1180000,0x00000000f1c80000)
 ParOldGen       total 97792K, used 15762K [0x00000000c0000000, 0x00000000c5f80000, 0x00000000eab00000)
  object space 97792K, 16% used [0x00000000c0000000,0x00000000c0f649a8,0x00000000c5f80000)
 Metaspace       used 38468K, capacity 39246K, committed 39552K, reserved 1083392K
  class space    used 5256K, capacity 5475K, committed 5504K, reserved 1048576K
Event: 20.478 GC heap after
Heap after GC invocations=12 (full 2):
 PSYoungGen      total 95744K, used 7347K [0x00000000eab00000, 0x00000000f1900000, 0x0000000100000000)
  eden space 88064K, 0% used [0x00000000eab00000,0x00000000eab00000,0x00000000f0100000)
  from space 7680K, 95% used [0x00000000f1180000,0x00000000f18acdd0,0x00000000f1900000)
  to   space 11264K, 0% used [0x00000000f0300000,0x00000000f0300000,0x00000000f0e00000)
 ParOldGen       total 97792K, used 15770K [0x00000000c0000000, 0x00000000c5f80000, 0x00000000eab00000)
  object space 97792K, 16% used [0x00000000c0000000,0x00000000c0f669a8,0x00000000c5f80000)
 Metaspace       used 38468K, capacity 39246K, committed 39552K, reserved 1083392K
  class space    used 5256K, capacity 5475K, committed 5504K, reserved 1048576K
}

