# JRE version: OpenJDK Runtime Environment (8.0_152-b06) (build 1.8.0_152-release-1136-b06)
# Java VM: OpenJDK 64-Bit Server VM (25.152-b06 mixed mode windows-amd64 compressed oops)
Heap:
 PSYoungGen      total 125952K, used 60104K [0x00000000eab00000, 0x00000000f4200000, 0x0000000100000000)
  eden space 105984K, 56% used [0x00000000eab00000,0x00000000ee5b2290,0x00000000f1280000)
  from space 19968K, 0% used [0x00000000f1280000,0x00000000f1280000,0x00000000f2600000)
  to   space 14848K, 0% used [0x00000000f2600000,0x00000000f2600000,0x00000000f3480000)
 ParOldGen       total 130048K, used 37584K [0x00000000c0000000, 0x00000000c7f00000, 0x00000000eab00000)
  object space 130048K, 28% used [0x00000000c0000000,0x00000000c24b40a8,0x00000000c7f00000)
 Metaspace       used 58822K, capacity 61054K, committed 61144K, reserved 1101824K
  class space    used 7981K, capacity 8584K, committed 8664K, reserved 1048576K
GC Heap History (10 events):
Event: 17.942 GC heap before
{Heap before GC invocations=12 (full 2):
 PSYoungGen      total 86528K, used 75264K [0x00000000eab00000, 0x00000000f2500000, 0x0000000100000000)
  eden space 75264K, 100% used [0x00000000eab00000,0x00000000ef480000,0x00000000ef480000)
  from space 11264K, 0% used [0x00000000ef480000,0x00000000ef480000,0x00000000eff80000)
  to   space 12800K, 0% used [0x00000000f1880000,0x00000000f1880000,0x00000000f2500000)
 ParOldGen       total 100864K, used 17313K [0x00000000c0000000, 0x00000000c6280000, 0x00000000eab00000)
  object space 100864K, 17% used [0x00000000c0000000,0x00000000c10e84b0,0x00000000c6280000)
 Metaspace       used 39367K, capacity 40246K, committed 40536K, reserved 1083392K
  class space    used 5405K, capacity 5692K, committed 5720K, reserved 1048576K
Event: 17.964 GC heap after
Heap after GC invocations=12 (full 2):
 PSYoungGen      total 99840K, used 7831K [0x00000000eab00000, 0x00000000f2080000, 0x0000000100000000)
  eden space 91648K, 0% used [0x00000000eab00000,0x00000000eab00000,0x00000000f0480000)
  from space 8192K, 95% used [0x00000000f1880000,0x00000000f2025fa8,0x00000000f2080000)
  to   space 12288K, 0% used [0x00000000f0880000,0x00000000f0880000,0x00000000f1480000)
 ParOldGen       total 100864K, used 17321K [0x00000000c0000000, 0x00000000c6280000, 0x00000000eab00000)
  object space 100864K, 17% used [0x00000000c0000000,0x00000000c10ea4b0,0x00000000c6280000)
 Metaspace       used 39367K, capacity 40246K, committed 40536K, reserved 1083392K
  class space    used 5405K, capacity 5692K, committed 5720K, reserved 1048576K
}
Event: 21.649 GC heap before
{Heap before GC invocations=13 (full 2):
 PSYoungGen      total 99840K, used 99479K [0x00000000eab00000, 0x00000000f2080000, 0x0000000100000000)
  eden space 91648K, 100% used [0x00000000eab00000,0x00000000f0480000,0x00000000f0480000)
  from space 8192K, 95% used [0x00000000f1880000,0x00000000f2025fa8,0x00000000f2080000)
  to   space 12288K, 0% used [0x00000000f0880000,0x00000000f0880000,0x00000000f1480000)
 ParOldGen       total 100864K, used 17321K [0x00000000c0000000, 0x00000000c6280000, 0x00000000eab00000)
  object space 100864K, 17% used [0x00000000c0000000,0x00000000c10ea4b0,0x00000000c6280000)
 Metaspace       used 48208K, capacity 49312K, committed 49496K, reserved 1091584K
  class space    used 6544K, capacity 6892K, committed 7000K, reserved 1048576K
Event: 21.692 GC heap after
Heap after GC invocations=13 (full 2):
 PSYoungGen      total 108032K, used 12268K [0x00000000eab00000, 0x00000000f3480000, 0x0000000100000000)
  eden space 95744K, 0% used [0x00000000eab00000,0x00000000eab00000,0x00000000f0880000)
  from space 12288K, 99% used [0x00000000f0880000,0x00000000f147b200,0x00000000f1480000)
  to   space 14848K, 0% used [0x00000000f2600000,0x00000000f2600000,0x00000000f3480000)
 ParOldGen       total 100864K, used 20878K [0x00000000c0000000, 0x00000000c6280000, 0x00000000eab00000)
  object space 100864K, 20% used [0x00000000c0000000,0x00000000c1463ad8,0x00000000c6280000)
 Metaspace       used 48208K, capacity 49312K, committed 49496K, reserved 1091584K
  class space    used 6544K, capacity 6892K, committed 7000K, reserved 1048576K
}
Event: 29.069 GC heap before
{Heap before GC invocations=14 (full 2):
 PSYoungGen      total 108032K, used 108012K [0x00000000eab00000, 0x00000000f3480000, 0x0000000100000000)
  eden space 95744K, 100% used [0x00000000eab00000,0x00000000f0880000,0x00000000f0880000)
  from space 12288K, 99% used [0x00000000f0880000,0x00000000f147b200,0x00000000f1480000)
  to   space 14848K, 0% used [0x00000000f2600000,0x00000000f2600000,0x00000000f3480000)
 ParOldGen       total 100864K, used 20878K [0x00000000c0000000, 0x00000000c6280000, 0x00000000eab00000)
  object space 100864K, 20% used [0x00000000c0000000,0x00000000c1463ad8,0x00000000c6280000)
 Metaspace       used 56882K, capacity 58822K, committed 58968K, reserved 1099776K
  class space    used 7691K, capacity 8185K, committed 8280K, reserved 1048576K
Event: 29.112 GC heap after
Heap after GC invocations=14 (full 2):
 PSYoungGen      total 120832K, used 14818K [0x00000000eab00000, 0x00000000f4200000, 0x0000000100000000)
  eden space 105984K, 0% used [0x00000000eab00000,0x00000000eab00000,0x00000000f1280000)
  from space 14848K, 99% used [0x00000000f2600000,0x00000000f3478af0,0x00000000f3480000)
  to   space 19968K, 0% used [0x00000000f1280000,0x00000000f1280000,0x00000000f2600000)
 ParOldGen       total 100864K, used 29019K [0x00000000c0000000, 0x00000000c6280000, 0x00000000eab00000)
  object space 100864K, 28% used [0x00000000c0000000,0x00000000c1c56f60,0x00000000c6280000)
 Metaspace       used 56882K, capacity 58822K, committed 58968K, reserved 1099776K
  class space    used 7691K, capacity 8185K, committed 8280K, reserved 1048576K
}
Event: 29.113 GC heap before
{Heap before GC invocations=15 (full 2):
 PSYoungGen      total 120832K, used 16874K [0x00000000eab00000, 0x00000000f4200000, 0x0000000100000000)
  eden space 105984K, 1% used [0x00000000eab00000,0x00000000ead01dc8,0x00000000f1280000)
  from space 14848K, 99% used [0x00000000f2600000,0x00000000f3478af0,0x00000000f3480000)
  to   space 19968K, 0% used [0x00000000f1280000,0x00000000f1280000,0x00000000f2600000)
 ParOldGen       total 100864K, used 29019K [0x00000000c0000000, 0x00000000c6280000, 0x00000000eab00000)
  object space 100864K, 28% used [0x00000000c0000000,0x00000000c1c56f60,0x00000000c6280000)
 Metaspace       used 56882K, capacity 58822K, committed 58968K, reserved 1099776K
  class space    used 7691K, capacity 8185K, committed 8280K, reserved 1048576K
Event: 29.139 GC heap after
Heap after GC invocations=15 (full 2):
 PSYoungGen      total 125952K, used 14946K [0x00000000eab00000, 0x00000000f4200000, 0x0000000100000000)
  eden space 105984K, 0% used [0x00000000eab00000,0x00000000eab00000,0x00000000f1280000)
  from space 19968K, 74% used [0x00000000f1280000,0x00000000f2118ad0,0x00000000f2600000)
  to   space 14848K, 0% used [0x00000000f2600000,0x00000000f2600000,0x00000000f3480000)
 ParOldGen       total 100864K, used 29019K [0x00000000c0000000, 0x00000000c6280000, 0x00000000eab00000)
  object space 100864K, 28% used [0x00000000c0000000,0x00000000c1c56f60,0x00000000c6280000)
 Metaspace       used 56882K, capacity 58822K, committed 58968K, reserved 1099776K
  class space    used 7691K, capacity 8185K, committed 8280K, reserved 1048576K
}
Event: 29.139 GC heap before
{Heap before GC invocations=16 (full 3):
 PSYoungGen      total 125952K, used 14946K [0x00000000eab00000, 0x00000000f4200000, 0x0000000100000000)
  eden space 105984K, 0% used [0x00000000eab00000,0x00000000eab00000,0x00000000f1280000)
  from space 19968K, 74% used [0x00000000f1280000,0x00000000f2118ad0,0x00000000f2600000)
  to   space 14848K, 0% used [0x00000000f2600000,0x00000000f2600000,0x00000000f3480000)
 ParOldGen       total 100864K, used 29019K [0x00000000c0000000, 0x00000000c6280000, 0x00000000eab00000)
  object space 100864K, 28% used [0x00000000c0000000,0x00000000c1c56f60,0x00000000c6280000)
 Metaspace       used 56882K, capacity 58822K, committed 58968K, reserved 1099776K
  class space    used 7691K, capacity 8185K, committed 8280K, reserved 1048576K
Event: 29.969 GC heap after
Heap after GC invocations=16 (full 3):
 PSYoungGen      total 125952K, used 0K [0x00000000eab00000, 0x00000000f4200000, 0x0000000100000000)
  eden space 105984K, 0% used [0x00000000eab00000,0x00000000eab00000,0x00000000f1280000)
  from space 19968K, 0% used [0x00000000f1280000,0x00000000f1280000,0x00000000f2600000)
  to   space 14848K, 0% used [0x00000000f2600000,0x00000000f2600000,0x00000000f3480000)
 ParOldGen       total 130048K, used 37584K [0x00000000c0000000, 0x00000000c7f00000, 0x00000000eab00000)
  object space 130048K, 28% used [0x00000000c0000000,0x00000000c24b40a8,0x00000000c7f00000)
 Metaspace       used 56853K, capacity 58734K, committed 58968K, reserved 1099776K
  class space    used 7683K, capacity 8177K, committed 8280K, reserved 1048576K
}

