# JRE version: OpenJDK Runtime Environment (8.0_152-b06) (build 1.8.0_152-release-1136-b06)
# Java VM: OpenJDK 64-Bit Server VM (25.152-b06 mixed mode windows-amd64 compressed oops)
Heap:
 PSYoungGen      total 166912K, used 152530K [0x00000000eab00000, 0x00000000f5b00000, 0x0000000100000000)
  eden space 154624K, 91% used [0x00000000eab00000,0x00000000f359c438,0x00000000f4200000)
  from space 12288K, 86% used [0x00000000f4e80000,0x00000000f58d86f8,0x00000000f5a80000)
  to   space 12800K, 0% used [0x00000000f4200000,0x00000000f4200000,0x00000000f4e80000)
 ParOldGen       total 98816K, used 16598K [0x00000000c0000000, 0x00000000c6080000, 0x00000000eab00000)
  object space 98816K, 16% used [0x00000000c0000000,0x00000000c1035920,0x00000000c6080000)
 Metaspace       used 52577K, capacity 53784K, committed 53976K, reserved 1095680K
  class space    used 6763K, capacity 7144K, committed 7168K, reserved 1048576K
GC Heap History (10 events):
Event: 65.248 GC heap before
{Heap before GC invocations=18 (full 2):
 PSYoungGen      total 112640K, used 107583K [0x00000000eab00000, 0x00000000f3d00000, 0x0000000100000000)
  eden space 99840K, 100% used [0x00000000eab00000,0x00000000f0c80000,0x00000000f0c80000)
  from space 12800K, 60% used [0x00000000f0c80000,0x00000000f140fff8,0x00000000f1900000)
  to   space 12288K, 0% used [0x00000000f3100000,0x00000000f3100000,0x00000000f3d00000)
 ParOldGen       total 98816K, used 16558K [0x00000000c0000000, 0x00000000c6080000, 0x00000000eab00000)
  object space 98816K, 16% used [0x00000000c0000000,0x00000000c102b920,0x00000000c6080000)
 Metaspace       used 41119K, capacity 41862K, committed 42200K, reserved 1085440K
  class space    used 5330K, capacity 5572K, committed 5632K, reserved 1048576K
Event: 65.294 GC heap after
Heap after GC invocations=18 (full 2):
 PSYoungGen      total 134144K, used 6404K [0x00000000eab00000, 0x00000000f3b80000, 0x0000000100000000)
  eden space 123392K, 0% used [0x00000000eab00000,0x00000000eab00000,0x00000000f2380000)
  from space 10752K, 59% used [0x00000000f3100000,0x00000000f37410d8,0x00000000f3b80000)
  to   space 12288K, 0% used [0x00000000f2380000,0x00000000f2380000,0x00000000f2f80000)
 ParOldGen       total 98816K, used 16566K [0x00000000c0000000, 0x00000000c6080000, 0x00000000eab00000)
  object space 98816K, 16% used [0x00000000c0000000,0x00000000c102d920,0x00000000c6080000)
 Metaspace       used 41119K, capacity 41862K, committed 42200K, reserved 1085440K
  class space    used 5330K, capacity 5572K, committed 5632K, reserved 1048576K
}
Event: 71.313 GC heap before
{Heap before GC invocations=19 (full 2):
 PSYoungGen      total 134144K, used 129796K [0x00000000eab00000, 0x00000000f3b80000, 0x0000000100000000)
  eden space 123392K, 100% used [0x00000000eab00000,0x00000000f2380000,0x00000000f2380000)
  from space 10752K, 59% used [0x00000000f3100000,0x00000000f37410d8,0x00000000f3b80000)
  to   space 12288K, 0% used [0x00000000f2380000,0x00000000f2380000,0x00000000f2f80000)
 ParOldGen       total 98816K, used 16566K [0x00000000c0000000, 0x00000000c6080000, 0x00000000eab00000)
  object space 98816K, 16% used [0x00000000c0000000,0x00000000c102d920,0x00000000c6080000)
 Metaspace       used 41204K, capacity 41926K, committed 42200K, reserved 1085440K
  class space    used 5331K, capacity 5572K, committed 5632K, reserved 1048576K
Event: 71.335 GC heap after
Heap after GC invocations=19 (full 2):
 PSYoungGen      total 135680K, used 6449K [0x00000000eab00000, 0x00000000f4c80000, 0x0000000100000000)
  eden space 123392K, 0% used [0x00000000eab00000,0x00000000eab00000,0x00000000f2380000)
  from space 12288K, 52% used [0x00000000f2380000,0x00000000f29cc5c0,0x00000000f2f80000)
  to   space 11776K, 0% used [0x00000000f4100000,0x00000000f4100000,0x00000000f4c80000)
 ParOldGen       total 98816K, used 16574K [0x00000000c0000000, 0x00000000c6080000, 0x00000000eab00000)
  object space 98816K, 16% used [0x00000000c0000000,0x00000000c102f920,0x00000000c6080000)
 Metaspace       used 41204K, capacity 41926K, committed 42200K, reserved 1085440K
  class space    used 5331K, capacity 5572K, committed 5632K, reserved 1048576K
}
Event: 88.321 GC heap before
{Heap before GC invocations=20 (full 2):
 PSYoungGen      total 135680K, used 129841K [0x00000000eab00000, 0x00000000f4c80000, 0x0000000100000000)
  eden space 123392K, 100% used [0x00000000eab00000,0x00000000f2380000,0x00000000f2380000)
  from space 12288K, 52% used [0x00000000f2380000,0x00000000f29cc5c0,0x00000000f2f80000)
  to   space 11776K, 0% used [0x00000000f4100000,0x00000000f4100000,0x00000000f4c80000)
 ParOldGen       total 98816K, used 16574K [0x00000000c0000000, 0x00000000c6080000, 0x00000000eab00000)
  object space 98816K, 16% used [0x00000000c0000000,0x00000000c102f920,0x00000000c6080000)
 Metaspace       used 41288K, capacity 41990K, committed 42456K, reserved 1085440K
  class space    used 5331K, capacity 5572K, committed 5632K, reserved 1048576K
Event: 88.338 GC heap after
Heap after GC invocations=20 (full 2):
 PSYoungGen      total 148480K, used 8981K [0x00000000eab00000, 0x00000000f4a00000, 0x0000000100000000)
  eden space 139264K, 0% used [0x00000000eab00000,0x00000000eab00000,0x00000000f3300000)
  from space 9216K, 97% used [0x00000000f4100000,0x00000000f49c5798,0x00000000f4a00000)
  to   space 11776K, 0% used [0x00000000f3300000,0x00000000f3300000,0x00000000f3e80000)
 ParOldGen       total 98816K, used 16582K [0x00000000c0000000, 0x00000000c6080000, 0x00000000eab00000)
  object space 98816K, 16% used [0x00000000c0000000,0x00000000c1031920,0x00000000c6080000)
 Metaspace       used 41288K, capacity 41990K, committed 42456K, reserved 1085440K
  class space    used 5331K, capacity 5572K, committed 5632K, reserved 1048576K
}
Event: 99.299 GC heap before
{Heap before GC invocations=21 (full 2):
 PSYoungGen      total 148480K, used 148245K [0x00000000eab00000, 0x00000000f4a00000, 0x0000000100000000)
  eden space 139264K, 100% used [0x00000000eab00000,0x00000000f3300000,0x00000000f3300000)
  from space 9216K, 97% used [0x00000000f4100000,0x00000000f49c5798,0x00000000f4a00000)
  to   space 11776K, 0% used [0x00000000f3300000,0x00000000f3300000,0x00000000f3e80000)
 ParOldGen       total 98816K, used 16582K [0x00000000c0000000, 0x00000000c6080000, 0x00000000eab00000)
  object space 98816K, 16% used [0x00000000c0000000,0x00000000c1031920,0x00000000c6080000)
 Metaspace       used 41320K, capacity 42054K, committed 42456K, reserved 1085440K
  class space    used 5331K, capacity 5572K, committed 5632K, reserved 1048576K
Event: 99.317 GC heap after
Heap after GC invocations=21 (full 2):
 PSYoungGen      total 151040K, used 8916K [0x00000000eab00000, 0x00000000f5a80000, 0x0000000100000000)
  eden space 139264K, 0% used [0x00000000eab00000,0x00000000eab00000,0x00000000f3300000)
  from space 11776K, 75% used [0x00000000f3300000,0x00000000f3bb5148,0x00000000f3e80000)
  to   space 12288K, 0% used [0x00000000f4e80000,0x00000000f4e80000,0x00000000f5a80000)
 ParOldGen       total 98816K, used 16590K [0x00000000c0000000, 0x00000000c6080000, 0x00000000eab00000)
  object space 98816K, 16% used [0x00000000c0000000,0x00000000c1033920,0x00000000c6080000)
 Metaspace       used 41320K, capacity 42054K, committed 42456K, reserved 1085440K
  class space    used 5331K, capacity 5572K, committed 5632K, reserved 1048576K
}
Event: 108.473 GC heap before
{Heap before GC invocations=22 (full 2):
 PSYoungGen      total 151040K, used 148180K [0x00000000eab00000, 0x00000000f5a80000, 0x0000000100000000)
  eden space 139264K, 100% used [0x00000000eab00000,0x00000000f3300000,0x00000000f3300000)
  from space 11776K, 75% used [0x00000000f3300000,0x00000000f3bb5148,0x00000000f3e80000)
  to   space 12288K, 0% used [0x00000000f4e80000,0x00000000f4e80000,0x00000000f5a80000)
 ParOldGen       total 98816K, used 16590K [0x00000000c0000000, 0x00000000c6080000, 0x00000000eab00000)
  object space 98816K, 16% used [0x00000000c0000000,0x00000000c1033920,0x00000000c6080000)
 Metaspace       used 42266K, capacity 43216K, committed 43480K, reserved 1087488K
  class space    used 5475K, capacity 5768K, committed 5888K, reserved 1048576K
Event: 108.499 GC heap after
Heap after GC invocations=22 (full 2):
 PSYoungGen      total 166912K, used 10593K [0x00000000eab00000, 0x00000000f5b00000, 0x0000000100000000)
  eden space 154624K, 0% used [0x00000000eab00000,0x00000000eab00000,0x00000000f4200000)
  from space 12288K, 86% used [0x00000000f4e80000,0x00000000f58d86f8,0x00000000f5a80000)
  to   space 12800K, 0% used [0x00000000f4200000,0x00000000f4200000,0x00000000f4e80000)
 ParOldGen       total 98816K, used 16598K [0x00000000c0000000, 0x00000000c6080000, 0x00000000eab00000)
  object space 98816K, 16% used [0x00000000c0000000,0x00000000c1035920,0x00000000c6080000)
 Metaspace       used 42266K, capacity 43216K, committed 43480K, reserved 1087488K
  class space    used 5475K, capacity 5768K, committed 5888K, reserved 1048576K
}

